[2022-06-22T22:36:53.439] [DEBUG] cheese - login => username:admin,password:123456
[2022-06-22T22:36:53.443] [DEBUG] cheese - admin
[2022-06-22T22:36:53.460] [DEBUG] cheese - null
[2022-06-22T22:36:53.461] [DEBUG] cheese - null
[2022-06-22T22:38:48.080] [DEBUG] cheese - login => username:admin,password:123456
[2022-06-22T22:38:48.080] [DEBUG] cheese - admin
[2022-06-22T22:38:48.086] [DEBUG] cheese - null
[2022-06-22T22:38:48.086] [DEBUG] cheese - null
[2022-06-22T22:45:35.672] [DEBUG] cheese - login => username:admin,password:123456
[2022-06-22T22:45:35.675] [DEBUG] cheese - admin
[2022-06-22T22:45:35.726] [DEBUG] cheese - null
[2022-06-22T22:45:35.727] [DEBUG] cheese - null
[2022-06-22T22:48:48.689] [DEBUG] cheese - login => username:admin,password:123456
[2022-06-22T22:48:48.689] [DEBUG] cheese - admin
[2022-06-22T22:48:48.693] [DEBUG] cheese - null
[2022-06-22T22:48:48.693] [DEBUG] cheese - null
[2022-06-22T23:07:03.264] [DEBUG] cheese - login => username:admin,password:123456
[2022-06-22T23:07:03.265] [DEBUG] cheese - admin
[2022-06-22T23:07:03.269] [DEBUG] cheese - null
[2022-06-22T23:07:03.270] [DEBUG] cheese - null
[2022-06-23T22:05:54.854] [DEBUG] cheese - login => username:admin,password:123456
[2022-06-23T22:05:54.858] [DEBUG] cheese - admin
[2022-06-23T22:05:54.896] [DEBUG] cheese - null
[2022-06-23T22:05:54.897] [DEBUG] cheese - null
[2022-06-25T11:14:40.824] [DEBUG] cheese - login => username:admin,password:123456
[2022-06-25T11:14:40.825] [DEBUG] cheese - admin
[2022-06-25T11:14:40.894] [DEBUG] cheese - null
[2022-06-25T11:14:40.895] [DEBUG] cheese - null
[2022-06-27T22:12:42.298] [DEBUG] cheese - login => username:sss,password:sss
[2022-06-27T22:12:42.304] [DEBUG] cheese - sss
[2022-06-27T22:12:42.347] [DEBUG] cheese - null
[2022-06-27T22:12:42.348] [DEBUG] cheese - null
[2022-06-27T22:16:55.456] [DEBUG] cheese - login => username:sdsd,password:sdsd
[2022-06-27T22:16:55.456] [DEBUG] cheese - sdsd
[2022-06-27T22:16:55.465] [DEBUG] cheese - null
[2022-06-27T22:16:55.465] [DEBUG] cheese - null
[2022-06-27T22:23:58.760] [DEBUG] cheese - login => username:aaaa,password:aaa
[2022-06-27T22:23:58.762] [DEBUG] cheese - aaaa
[2022-06-27T22:23:58.778] [DEBUG] cheese - null
[2022-06-27T22:23:58.779] [DEBUG] cheese - null
[2022-06-27T22:25:50.799] [DEBUG] cheese - login => username:cada,password:ss
[2022-06-27T22:25:50.799] [DEBUG] cheese - cada
[2022-06-27T22:25:50.804] [DEBUG] cheese - null
[2022-06-27T22:25:50.804] [DEBUG] cheese - null
[2022-06-27T22:26:11.054] [DEBUG] cheese - login => username:sdsad,password:asdsad
[2022-06-27T22:26:11.055] [DEBUG] cheese - sdsad
[2022-06-27T22:26:11.059] [DEBUG] cheese - null
[2022-06-27T22:26:11.060] [DEBUG] cheese - null
[2022-06-27T22:26:40.973] [DEBUG] cheese - login => username:wq,password:qwq
[2022-06-27T22:26:40.974] [DEBUG] cheese - wq
[2022-06-27T22:26:40.977] [DEBUG] cheese - null
[2022-06-27T22:26:40.977] [DEBUG] cheese - null
[2022-06-30T22:35:04.438] [DEBUG] cheese - login => username:admin,password:123456
[2022-06-30T22:35:04.440] [DEBUG] cheese - admin
[2022-06-30T22:35:04.539] [DEBUG] cheese - null
[2022-06-30T22:35:04.539] [DEBUG] cheese - null
[2022-06-30T22:35:19.008] [DEBUG] cheese - login => username:admin,password:1234562
[2022-06-30T22:35:19.009] [DEBUG] cheese - admin
[2022-06-30T22:35:19.013] [DEBUG] cheese - null
[2022-06-30T22:35:19.013] [DEBUG] cheese - null
[2022-06-30T22:35:44.275] [DEBUG] cheese - login => username:admin,password:123
[2022-06-30T22:35:44.275] [DEBUG] cheese - admin
[2022-06-30T22:35:44.282] [DEBUG] cheese - null
[2022-06-30T22:35:44.283] [DEBUG] cheese - null
[2022-06-30T22:37:59.541] [DEBUG] cheese - login => username:www,password:wwww
[2022-06-30T22:37:59.541] [DEBUG] cheese - www
[2022-06-30T22:37:59.552] [DEBUG] cheese - null
[2022-06-30T22:37:59.552] [DEBUG] cheese - null
[2022-06-30T22:40:56.628] [DEBUG] cheese - login => username:sdsds,password:sdsd
[2022-06-30T22:40:56.628] [DEBUG] cheese - sdsds
[2022-06-30T22:40:56.640] [DEBUG] cheese - null
[2022-06-30T22:40:56.640] [DEBUG] cheese - null
[2022-06-30T22:41:16.025] [DEBUG] cheese - login => username:qwqw,password:qwqw
[2022-06-30T22:41:16.025] [DEBUG] cheese - qwqw
[2022-06-30T22:41:16.029] [DEBUG] cheese - null
[2022-06-30T22:41:16.030] [DEBUG] cheese - null
[2022-06-30T22:41:31.012] [DEBUG] cheese - login => username:admin,password:1234567
[2022-06-30T22:41:31.013] [DEBUG] cheese - admin
[2022-06-30T22:41:31.021] [DEBUG] cheese - null
[2022-06-30T22:41:31.021] [DEBUG] cheese - null
[2022-06-30T22:41:40.505] [DEBUG] cheese - login => username:admin,password:123456
[2022-06-30T22:41:40.505] [DEBUG] cheese - admin
[2022-06-30T22:41:40.511] [DEBUG] cheese - null
[2022-06-30T22:41:40.512] [DEBUG] cheese - null
[2022-06-30T22:41:42.326] [DEBUG] cheese - login => username:admin,password:123456
[2022-06-30T22:41:42.327] [DEBUG] cheese - admin
[2022-06-30T22:41:42.331] [DEBUG] cheese - null
[2022-06-30T22:41:42.331] [DEBUG] cheese - null
[2022-06-30T22:43:07.105] [DEBUG] cheese - login => username:admin,password:123456
[2022-06-30T22:43:07.106] [DEBUG] cheese - admin
[2022-06-30T22:43:07.118] [DEBUG] cheese - null
[2022-06-30T22:43:07.118] [DEBUG] cheese - null
[2022-06-30T22:53:52.330] [DEBUG] cheese - login => username:admin,password:123456
[2022-06-30T22:53:52.330] [DEBUG] cheese - admin
[2022-06-30T22:53:52.343] [DEBUG] cheese - null
[2022-06-30T22:53:52.344] [DEBUG] cheese - null
[2022-06-30T22:54:23.825] [DEBUG] cheese - login => username:admin,password:123456
[2022-06-30T22:54:23.825] [DEBUG] cheese - admin
[2022-06-30T22:54:23.834] [DEBUG] cheese - null
[2022-06-30T22:54:23.834] [DEBUG] cheese - null
[2022-07-01T23:33:49.560] [DEBUG] cheese - login => username:admin,password:123456
[2022-07-01T23:33:49.561] [DEBUG] cheese - admin
[2022-07-01T23:33:49.596] [DEBUG] cheese - null
[2022-07-01T23:33:49.596] [DEBUG] cheese - null
[2022-07-01T23:35:49.216] [DEBUG] cheese - login => username:admin,password:123456
[2022-07-01T23:35:49.217] [DEBUG] cheese - admin
[2022-07-01T23:35:49.256] [DEBUG] cheese - null
[2022-07-01T23:35:49.256] [DEBUG] cheese - null
[2022-07-01T23:36:19.896] [DEBUG] cheese - login => username:admin,password:123456
[2022-07-01T23:36:19.896] [DEBUG] cheese - admin
[2022-07-01T23:36:19.901] [DEBUG] cheese - null
[2022-07-01T23:36:19.901] [DEBUG] cheese - null
[2022-10-26T02:11:30.429] [DEBUG] cheese - login => username:ww,password:$2a$08$09nUxs.9czzXc4JZJTOdteeXSd/mxZVg96AhqciGbTMB6cfbGUWC2
[2022-10-26T02:11:30.434] [DEBUG] cheese - ww
[2022-10-26T02:11:30.453] [DEBUG] cheese - null
[2022-10-26T02:11:30.454] [DEBUG] cheese - null
[2022-10-26T02:11:50.551] [DEBUG] cheese - login => username:ww,password:$2a$08$09nUxs.9czzXc4JZJTOdteeXSd/mxZVg96AhqciGbTMB6cfbGUWC2
[2022-10-26T02:11:50.551] [DEBUG] cheese - ww
[2022-10-26T02:11:50.555] [DEBUG] cheese - null
[2022-10-26T02:11:50.555] [DEBUG] cheese - null
[2022-10-26T02:12:02.816] [DEBUG] cheese - login => username:ww,password:123
[2022-10-26T02:12:02.817] [DEBUG] cheese - ww
[2022-10-26T02:12:02.819] [DEBUG] cheese - null
[2022-10-26T02:12:02.819] [DEBUG] cheese - null
[2022-10-26T02:18:42.356] [DEBUG] cheese - login => username:admin,password:123456
[2022-10-26T02:18:42.356] [DEBUG] cheese - admin
[2022-10-26T02:18:42.366] [DEBUG] cheese - null
[2022-10-26T02:18:42.366] [DEBUG] cheese - null
[2022-10-26T02:24:01.792] [DEBUG] cheese - login => username:admin,password:123456
[2022-10-26T02:24:01.793] [DEBUG] cheese - admin
[2022-10-26T02:24:01.800] [DEBUG] cheese - null
[2022-10-26T02:24:01.800] [DEBUG] cheese - null
[2022-10-26T02:25:00.177] [DEBUG] cheese - login => username:admin,password:123456
[2022-10-26T02:25:00.177] [DEBUG] cheese - admin
[2022-10-26T02:25:00.179] [DEBUG] cheese - null
[2022-10-26T02:25:00.179] [DEBUG] cheese - null
[2022-10-26T02:29:28.903] [DEBUG] cheese - login => username:213,password:31
[2022-10-26T02:29:28.903] [DEBUG] cheese - 213
[2022-10-26T02:29:28.910] [DEBUG] cheese - null
[2022-10-26T02:29:28.911] [DEBUG] cheese - null
[2022-10-26T02:29:33.405] [DEBUG] cheese - login => username:213,password:31
[2022-10-26T02:29:33.405] [DEBUG] cheese - 213
[2022-10-26T02:29:33.407] [DEBUG] cheese - null
[2022-10-26T02:29:33.407] [DEBUG] cheese - null
[2022-10-26T02:29:40.591] [DEBUG] cheese - login => username:admin,password:123456
[2022-10-26T02:29:40.591] [DEBUG] cheese - admin
[2022-10-26T02:29:40.595] [DEBUG] cheese - null
[2022-10-26T02:29:40.595] [DEBUG] cheese - null
[2022-10-27T00:27:49.648] [DEBUG] cheese - login => username:admin,password:123456
[2022-10-27T00:27:49.650] [DEBUG] cheese - admin
[2022-10-27T00:27:49.664] [DEBUG] cheese - null
[2022-10-27T00:27:49.664] [DEBUG] cheese - null
[2022-10-27T00:27:59.160] [DEBUG] cheese - login => username:admin,password:123456
[2022-10-27T00:27:59.160] [DEBUG] cheese - admin
[2022-10-27T00:27:59.163] [DEBUG] cheese - null
[2022-10-27T00:27:59.163] [DEBUG] cheese - null
[2022-10-27T10:41:56.509] [DEBUG] cheese - login => username:admin,password:123456
[2022-10-27T10:41:56.511] [DEBUG] cheese - admin
[2022-10-27T10:41:56.529] [DEBUG] cheese - null
[2022-10-27T10:41:56.529] [DEBUG] cheese - null
[2022-10-27T10:46:29.926] [DEBUG] cheese - login => username:admin,password:123456
[2022-10-27T10:46:29.927] [DEBUG] cheese - admin
[2022-10-27T10:46:29.933] [DEBUG] cheese - null
[2022-10-27T10:46:29.934] [DEBUG] cheese - null
[2022-10-27T10:52:27.903] [DEBUG] cheese - login => username:admin,password:123456
[2022-10-27T10:52:27.903] [DEBUG] cheese - admin
[2022-10-27T10:52:27.912] [DEBUG] cheese - null
[2022-10-27T10:52:27.912] [DEBUG] cheese - null
[2022-10-27T10:55:10.683] [DEBUG] cheese - login => username:admin,password:123456
[2022-10-27T10:55:10.683] [DEBUG] cheese - admin
[2022-10-27T10:55:10.688] [DEBUG] cheese - null
[2022-10-27T10:55:10.688] [DEBUG] cheese - null
[2022-10-27T11:05:32.146] [DEBUG] cheese - login => username:admin,password:123456
[2022-10-27T11:05:32.146] [DEBUG] cheese - admin
[2022-10-27T11:05:32.155] [DEBUG] cheese - null
[2022-10-27T11:05:32.155] [DEBUG] cheese - null
[2022-10-28T13:57:58.190] [DEBUG] cheese - login => username:admin,password:123456
[2022-10-28T13:57:58.192] [DEBUG] cheese - admin
[2022-10-28T13:57:58.207] [DEBUG] cheese - null
[2022-10-28T13:57:58.207] [DEBUG] cheese - null
[2022-10-29T15:23:29.379] [DEBUG] cheese - login => username:admin,password:123456
[2022-10-29T15:23:29.383] [DEBUG] cheese - admin
[2022-10-29T15:23:29.417] [DEBUG] cheese - null
[2022-10-29T15:23:29.417] [DEBUG] cheese - null
[2022-10-30T11:16:19.383] [DEBUG] cheese - login => username:admin,password:123456
[2022-10-30T11:16:19.384] [DEBUG] cheese - admin
[2022-10-30T11:16:19.390] [DEBUG] cheese - null
[2022-10-30T11:16:19.390] [DEBUG] cheese - null
[2022-10-30T11:25:30.324] [DEBUG] cheese - login => username:admin,password:123456
[2022-10-30T11:25:30.325] [DEBUG] cheese - admin
[2022-10-30T11:25:30.328] [DEBUG] cheese - null
[2022-10-30T11:25:30.329] [DEBUG] cheese - null
[2022-10-30T12:05:32.626] [DEBUG] cheese - login => username:admin,password:123456
[2022-10-30T12:05:32.627] [DEBUG] cheese - admin
[2022-10-30T12:05:32.632] [DEBUG] cheese - null
[2022-10-30T12:05:32.633] [DEBUG] cheese - null
[2022-10-30T12:05:45.125] [DEBUG] cheese - login => username:admin,password:123456
[2022-10-30T12:05:45.126] [DEBUG] cheese - admin
[2022-10-30T12:05:45.129] [DEBUG] cheese - null
[2022-10-30T12:05:45.129] [DEBUG] cheese - null
[2022-11-01T12:24:21.430] [DEBUG] cheese - login => username:admin,password:123456
[2022-11-01T12:24:21.431] [DEBUG] cheese - admin
[2022-11-01T12:24:21.463] [DEBUG] cheese - null
[2022-11-01T12:24:21.464] [DEBUG] cheese - null
[2022-11-01T13:07:27.160] [DEBUG] cheese - login => username:admin,password:123456
[2022-11-01T13:07:27.161] [DEBUG] cheese - admin
[2022-11-01T13:07:27.168] [DEBUG] cheese - null
[2022-11-01T13:07:27.168] [DEBUG] cheese - null
[2022-11-04T12:01:12.507] [DEBUG] cheese - login => username:admin,password:123456
[2022-11-04T12:01:12.509] [DEBUG] cheese - admin
[2022-11-04T12:01:12.526] [DEBUG] cheese - null
[2022-11-04T12:01:12.526] [DEBUG] cheese - null
[2022-11-06T01:01:42.225] [DEBUG] cheese - login => username:admin,password:123456
[2022-11-06T01:01:42.226] [DEBUG] cheese - admin
[2022-11-06T01:01:42.248] [DEBUG] cheese - null
[2022-11-06T01:01:42.249] [DEBUG] cheese - null
[2022-11-10T16:57:44.060] [DEBUG] cheese - login => username:admin,password:123456
[2022-11-10T16:57:44.076] [DEBUG] cheese - admin
[2022-11-10T16:57:44.153] [DEBUG] cheese - null
[2022-11-10T16:57:44.154] [DEBUG] cheese - null
[2022-11-10T16:59:02.155] [DEBUG] cheese - login => username:admin,password:123456
[2022-11-10T16:59:02.156] [DEBUG] cheese - admin
[2022-11-10T16:59:02.159] [DEBUG] cheese - null
[2022-11-10T16:59:02.159] [DEBUG] cheese - null
[2022-11-20T09:06:56.684] [DEBUG] cheese - login => username:admin,password:123456
[2022-11-20T09:06:56.685] [DEBUG] cheese - admin
[2022-11-20T09:06:56.702] [DEBUG] cheese - null
[2022-11-20T09:06:56.703] [DEBUG] cheese - null
[2022-11-20T09:07:32.733] [DEBUG] cheese - login => username:admin,password:123456
[2022-11-20T09:07:32.733] [DEBUG] cheese - admin
[2022-11-20T09:07:32.736] [DEBUG] cheese - null
[2022-11-20T09:07:32.736] [DEBUG] cheese - null
[2022-11-20T09:26:48.970] [DEBUG] cheese - login => username:admin,password:123456
[2022-11-20T09:26:48.970] [DEBUG] cheese - admin
[2022-11-20T09:26:48.975] [DEBUG] cheese - null
[2022-11-20T09:26:48.975] [DEBUG] cheese - null
